This is pdfTeX, Version 3.14159265-2.6-1.40.16 (TeX Live 2015/Debian) (preloaded format=pdflatex 2019.9.27)  10 OCT 2019 22:59
entering extended mode
 restricted \write18 enabled.
 %&-line parsing enabled.
**NCC_2020.tex
(./NCC_2020.tex
LaTeX2e <2016/02/01>
Babel <3.9q> and hyphenation patterns for 5 language(s) loaded.
(/usr/share/texlive/texmf-dist/tex/latex/IEEEtran/IEEEtran.cls
Document Class: IEEEtran 2015/08/26 V1.8b by Michael Shell
-- See the "IEEEtran_HOWTO" manual for usage information.
-- http://www.michaelshell.org/tex/ieeetran/
\@IEEEtrantmpdimenA=\dimen102
\@IEEEtrantmpdimenB=\dimen103
\@IEEEtrantmpdimenC=\dimen104
\@IEEEtrantmpcountA=\count79
\@IEEEtrantmpcountB=\count80
\@IEEEtrantmpcountC=\count81
\@IEEEtrantmptoksA=\toks14
LaTeX Font Info:    Try loading font information for OT1+ptm on input line 503.

(/usr/share/texlive/texmf-dist/tex/latex/psnfss/ot1ptm.fd
File: ot1ptm.fd 2001/06/04 font definitions for OT1/ptm.
)
-- Using 8.5in x 11in (letter) paper.
-- Using PDF output.
\@IEEEnormalsizeunitybaselineskip=\dimen105
-- This is a 12 point document.
\CLASSINFOnormalsizebaselineskip=\dimen106
\CLASSINFOnormalsizeunitybaselineskip=\dimen107
\IEEEnormaljot=\dimen108
LaTeX Font Info:    Font shape `OT1/ptm/bx/n' in size <6> not available
(Font)              Font shape `OT1/ptm/b/n' tried instead on input line 1090.
LaTeX Font Info:    Font shape `OT1/ptm/bx/it' in size <6> not available
(Font)              Font shape `OT1/ptm/b/it' tried instead on input line 1090.

LaTeX Font Info:    Font shape `OT1/ptm/bx/n' in size <8> not available
(Font)              Font shape `OT1/ptm/b/n' tried instead on input line 1090.
LaTeX Font Info:    Font shape `OT1/ptm/bx/it' in size <8> not available
(Font)              Font shape `OT1/ptm/b/it' tried instead on input line 1090.

LaTeX Font Info:    Font shape `OT1/ptm/bx/n' in size <9> not available
(Font)              Font shape `OT1/ptm/b/n' tried instead on input line 1090.
LaTeX Font Info:    Font shape `OT1/ptm/bx/it' in size <9> not available
(Font)              Font shape `OT1/ptm/b/it' tried instead on input line 1090.

LaTeX Font Info:    Font shape `OT1/ptm/bx/n' in size <10> not available
(Font)              Font shape `OT1/ptm/b/n' tried instead on input line 1090.
LaTeX Font Info:    Font shape `OT1/ptm/bx/it' in size <10> not available
(Font)              Font shape `OT1/ptm/b/it' tried instead on input line 1090.

LaTeX Font Info:    Font shape `OT1/ptm/bx/n' in size <12> not available
(Font)              Font shape `OT1/ptm/b/n' tried instead on input line 1090.
LaTeX Font Info:    Font shape `OT1/ptm/bx/it' in size <12> not available
(Font)              Font shape `OT1/ptm/b/it' tried instead on input line 1090.

LaTeX Font Info:    Font shape `OT1/ptm/bx/n' in size <14> not available
(Font)              Font shape `OT1/ptm/b/n' tried instead on input line 1090.
LaTeX Font Info:    Font shape `OT1/ptm/bx/it' in size <14> not available
(Font)              Font shape `OT1/ptm/b/it' tried instead on input line 1090.

LaTeX Font Info:    Font shape `OT1/ptm/bx/n' in size <20> not available
(Font)              Font shape `OT1/ptm/b/n' tried instead on input line 1090.
LaTeX Font Info:    Font shape `OT1/ptm/bx/it' in size <20> not available
(Font)              Font shape `OT1/ptm/b/it' tried instead on input line 1090.

LaTeX Font Info:    Font shape `OT1/ptm/bx/n' in size <22> not available
(Font)              Font shape `OT1/ptm/b/n' tried instead on input line 1090.
LaTeX Font Info:    Font shape `OT1/ptm/bx/it' in size <22> not available
(Font)              Font shape `OT1/ptm/b/it' tried instead on input line 1090.

LaTeX Font Info:    Font shape `OT1/ptm/bx/n' in size <24> not available
(Font)              Font shape `OT1/ptm/b/n' tried instead on input line 1090.
LaTeX Font Info:    Font shape `OT1/ptm/bx/it' in size <24> not available
(Font)              Font shape `OT1/ptm/b/it' tried instead on input line 1090.

\IEEEquantizedlength=\dimen109
\IEEEquantizedlengthdiff=\dimen110
\IEEEquantizedtextheightdiff=\dimen111
\IEEEilabelindentA=\dimen112
\IEEEilabelindentB=\dimen113
\IEEEilabelindent=\dimen114
\IEEEelabelindent=\dimen115
\IEEEdlabelindent=\dimen116
\IEEElabelindent=\dimen117
\IEEEiednormlabelsep=\dimen118
\IEEEiedmathlabelsep=\dimen119
\IEEEiedtopsep=\skip41
\c@section=\count82
\c@subsection=\count83
\c@subsubsection=\count84
\c@paragraph=\count85
\c@IEEEsubequation=\count86
\abovecaptionskip=\skip42
\belowcaptionskip=\skip43
\c@figure=\count87
\c@table=\count88
\@IEEEeqnnumcols=\count89
\@IEEEeqncolcnt=\count90
\@IEEEsubeqnnumrollback=\count91
\@IEEEquantizeheightA=\dimen120
\@IEEEquantizeheightB=\dimen121
\@IEEEquantizeheightC=\dimen122
\@IEEEquantizeprevdepth=\dimen123
\@IEEEquantizemultiple=\count92
\@IEEEquantizeboxA=\box26
\@IEEEtmpitemindent=\dimen124
\IEEEPARstartletwidth=\dimen125
\c@IEEEbiography=\count93
\@IEEEtranrubishbin=\box27
) (/usr/share/texlive/texmf-dist/tex/latex/setspace/setspace.sty
Package: setspace 2011/12/19 v6.7a set line spacing
)
(/usr/share/texlive/texmf-dist/tex/latex/was/gensymb.sty
Package: gensymb 2003/07/02 v1.0 (WaS)
)
(/usr/share/texlive/texmf-dist/tex/latex/xcolor/xcolor.sty
Package: xcolor 2007/01/21 v2.11 LaTeX color extensions (UK)

(/usr/share/texlive/texmf-dist/tex/latex/latexconfig/color.cfg
File: color.cfg 2007/01/18 v1.5 color configuration of teTeX/TeXLive
)
Package xcolor Info: Driver file: pdftex.def on input line 225.

(/usr/share/texlive/texmf-dist/tex/latex/pdftex-def/pdftex.def
File: pdftex.def 2011/05/27 v0.06d Graphics/color for pdfTeX

(/usr/share/texlive/texmf-dist/tex/generic/oberdiek/infwarerr.sty
Package: infwarerr 2010/04/08 v1.3 Providing info/warning/error messages (HO)
)
(/usr/share/texlive/texmf-dist/tex/generic/oberdiek/ltxcmds.sty
Package: ltxcmds 2011/11/09 v1.22 LaTeX kernel commands for general use (HO)
)
\Gread@gobject=\count94
)
Package xcolor Info: Model `cmy' substituted by `cmy0' on input line 1337.
Package xcolor Info: Model `hsb' substituted by `rgb' on input line 1341.
Package xcolor Info: Model `RGB' extended on input line 1353.
Package xcolor Info: Model `HTML' substituted by `rgb' on input line 1355.
Package xcolor Info: Model `Hsb' substituted by `hsb' on input line 1356.
Package xcolor Info: Model `tHsb' substituted by `hsb' on input line 1357.
Package xcolor Info: Model `HSB' substituted by `hsb' on input line 1358.
Package xcolor Info: Model `Gray' substituted by `gray' on input line 1359.
Package xcolor Info: Model `wave' substituted by `hsb' on input line 1360.
)
(/usr/share/texlive/texmf-dist/tex/latex/caption/caption.sty
Package: caption 2016/02/21 v3.3-144 Customizing captions (AR)

(/usr/share/texlive/texmf-dist/tex/latex/caption/caption3.sty
Package: caption3 2016/02/04 v1.7-139 caption3 kernel (AR)
Package caption3 Info: TeX engine: e-TeX on input line 67.

(/usr/share/texlive/texmf-dist/tex/latex/graphics/keyval.sty
Package: keyval 2014/10/28 v1.15 key=value parser (DPC)
\KV@toks@=\toks15
)
\captionmargin=\dimen126
\captionmargin@=\dimen127
\captionwidth=\dimen128
\caption@tempdima=\dimen129
\caption@indent=\dimen130
\caption@parindent=\dimen131
\caption@hangindent=\dimen132
Package caption Info: Unknown document class (or package),
(caption)             standard defaults will be used.
)

Package caption Warning: Unsupported document class (or package) detected,
(caption)                usage of the caption package is not recommended.
See the caption package documentation for explanation.

Package caption Info: \@makecaption = \long macro:#1#2->\ifx \@captype \@IEEEta
blestring \footnotesize \bgroup \par \centering \@IEEEtabletopskipstrut {\norma
lfont \footnotesize #1}\\{\normalfont \footnotesize \scshape #2}\par \addvspace
 {0.5\baselineskip }\egroup \@IEEEtablecaptionsepspace \else \@IEEEfigurecaptio
nsepspace \setbox \@tempboxa \hbox {\normalfont \footnotesize {#1.}\nobreakspac
e \nobreakspace #2}\ifdim \wd \@tempboxa >\hsize \setbox \@tempboxa \hbox {\nor
malfont \footnotesize {#1.}\nobreakspace \nobreakspace }\parbox [t]{\hsize }{\n
ormalfont \footnotesize \noindent \unhbox \@tempboxa #2}\else \ifCLASSOPTIONcon
ference \hbox to\hsize {\normalfont \footnotesize \hfil \box \@tempboxa \hfil }
\else \hbox to\hsize {\normalfont \footnotesize \box \@tempboxa \hfil }\fi \fi 
\fi .
\c@ContinuedFloat=\count95
) (/usr/share/texlive/texmf-dist/tex/latex/pgf/frontendlayer/tikz.sty
(/usr/share/texlive/texmf-dist/tex/latex/pgf/basiclayer/pgf.sty
(/usr/share/texlive/texmf-dist/tex/latex/pgf/utilities/pgfrcs.sty
(/usr/share/texlive/texmf-dist/tex/generic/pgf/utilities/pgfutil-common.tex
\pgfutil@everybye=\toks16
\pgfutil@tempdima=\dimen133
\pgfutil@tempdimb=\dimen134

(/usr/share/texlive/texmf-dist/tex/generic/pgf/utilities/pgfutil-common-lists.t
ex)) (/usr/share/texlive/texmf-dist/tex/generic/pgf/utilities/pgfutil-latex.def
\pgfutil@abb=\box28
(/usr/share/texlive/texmf-dist/tex/latex/ms/everyshi.sty
Package: everyshi 2001/05/15 v3.00 EveryShipout Package (MS)
))
(/usr/share/texlive/texmf-dist/tex/generic/pgf/utilities/pgfrcs.code.tex
Package: pgfrcs 2015/08/07 v3.0.1a (rcs-revision 1.31)
))
Package: pgf 2015/08/07 v3.0.1a (rcs-revision 1.15)

(/usr/share/texlive/texmf-dist/tex/latex/pgf/basiclayer/pgfcore.sty
(/usr/share/texlive/texmf-dist/tex/latex/graphics/graphicx.sty
Package: graphicx 2014/10/28 v1.0g Enhanced LaTeX Graphics (DPC,SPQR)

(/usr/share/texlive/texmf-dist/tex/latex/graphics/graphics.sty
Package: graphics 2016/01/03 v1.0q Standard LaTeX Graphics (DPC,SPQR)

(/usr/share/texlive/texmf-dist/tex/latex/graphics/trig.sty
Package: trig 2016/01/03 v1.10 sin cos tan (DPC)
)
(/usr/share/texlive/texmf-dist/tex/latex/latexconfig/graphics.cfg
File: graphics.cfg 2010/04/23 v1.9 graphics configuration of TeX Live
)
Package graphics Info: Driver file: pdftex.def on input line 95.
)
\Gin@req@height=\dimen135
\Gin@req@width=\dimen136
)
(/usr/share/texlive/texmf-dist/tex/latex/pgf/systemlayer/pgfsys.sty
(/usr/share/texlive/texmf-dist/tex/generic/pgf/systemlayer/pgfsys.code.tex
Package: pgfsys 2014/07/09 v3.0.1a (rcs-revision 1.48)

(/usr/share/texlive/texmf-dist/tex/generic/pgf/utilities/pgfkeys.code.tex
\pgfkeys@pathtoks=\toks17
\pgfkeys@temptoks=\toks18

(/usr/share/texlive/texmf-dist/tex/generic/pgf/utilities/pgfkeysfiltered.code.t
ex
\pgfkeys@tmptoks=\toks19
))
\pgf@x=\dimen137
\pgf@y=\dimen138
\pgf@xa=\dimen139
\pgf@ya=\dimen140
\pgf@xb=\dimen141
\pgf@yb=\dimen142
\pgf@xc=\dimen143
\pgf@yc=\dimen144
\w@pgf@writea=\write3
\r@pgf@reada=\read1
\c@pgf@counta=\count96
\c@pgf@countb=\count97
\c@pgf@countc=\count98
\c@pgf@countd=\count99
\t@pgf@toka=\toks20
\t@pgf@tokb=\toks21
\t@pgf@tokc=\toks22
 (/usr/share/texlive/texmf-dist/tex/generic/pgf/systemlayer/pgf.cfg
File: pgf.cfg 2008/05/14  (rcs-revision 1.7)
)
Driver file for pgf: pgfsys-pdftex.def

(/usr/share/texlive/texmf-dist/tex/generic/pgf/systemlayer/pgfsys-pdftex.def
File: pgfsys-pdftex.def 2014/10/11  (rcs-revision 1.35)

(/usr/share/texlive/texmf-dist/tex/generic/pgf/systemlayer/pgfsys-common-pdf.de
f
File: pgfsys-common-pdf.def 2013/10/10  (rcs-revision 1.13)
)))
(/usr/share/texlive/texmf-dist/tex/generic/pgf/systemlayer/pgfsyssoftpath.code.
tex
File: pgfsyssoftpath.code.tex 2013/09/09  (rcs-revision 1.9)
\pgfsyssoftpath@smallbuffer@items=\count100
\pgfsyssoftpath@bigbuffer@items=\count101
)
(/usr/share/texlive/texmf-dist/tex/generic/pgf/systemlayer/pgfsysprotocol.code.
tex
File: pgfsysprotocol.code.tex 2006/10/16  (rcs-revision 1.4)
))
(/usr/share/texlive/texmf-dist/tex/generic/pgf/basiclayer/pgfcore.code.tex
Package: pgfcore 2010/04/11 v3.0.1a (rcs-revision 1.7)

(/usr/share/texlive/texmf-dist/tex/generic/pgf/math/pgfmath.code.tex
(/usr/share/texlive/texmf-dist/tex/generic/pgf/math/pgfmathcalc.code.tex
(/usr/share/texlive/texmf-dist/tex/generic/pgf/math/pgfmathutil.code.tex)
(/usr/share/texlive/texmf-dist/tex/generic/pgf/math/pgfmathparser.code.tex
\pgfmath@dimen=\dimen145
\pgfmath@count=\count102
\pgfmath@box=\box29
\pgfmath@toks=\toks23
\pgfmath@stack@operand=\toks24
\pgfmath@stack@operation=\toks25
)
(/usr/share/texlive/texmf-dist/tex/generic/pgf/math/pgfmathfunctions.code.tex
(/usr/share/texlive/texmf-dist/tex/generic/pgf/math/pgfmathfunctions.basic.code
.tex)
(/usr/share/texlive/texmf-dist/tex/generic/pgf/math/pgfmathfunctions.trigonomet
ric.code.tex)
(/usr/share/texlive/texmf-dist/tex/generic/pgf/math/pgfmathfunctions.random.cod
e.tex)
(/usr/share/texlive/texmf-dist/tex/generic/pgf/math/pgfmathfunctions.comparison
.code.tex)
(/usr/share/texlive/texmf-dist/tex/generic/pgf/math/pgfmathfunctions.base.code.
tex)
(/usr/share/texlive/texmf-dist/tex/generic/pgf/math/pgfmathfunctions.round.code
.tex)
(/usr/share/texlive/texmf-dist/tex/generic/pgf/math/pgfmathfunctions.misc.code.
tex)
(/usr/share/texlive/texmf-dist/tex/generic/pgf/math/pgfmathfunctions.integerari
thmetics.code.tex)))
(/usr/share/texlive/texmf-dist/tex/generic/pgf/math/pgfmathfloat.code.tex
\c@pgfmathroundto@lastzeros=\count103
))
(/usr/share/texlive/texmf-dist/tex/generic/pgf/basiclayer/pgfcorepoints.code.te
x
File: pgfcorepoints.code.tex 2013/10/07  (rcs-revision 1.27)
\pgf@picminx=\dimen146
\pgf@picmaxx=\dimen147
\pgf@picminy=\dimen148
\pgf@picmaxy=\dimen149
\pgf@pathminx=\dimen150
\pgf@pathmaxx=\dimen151
\pgf@pathminy=\dimen152
\pgf@pathmaxy=\dimen153
\pgf@xx=\dimen154
\pgf@xy=\dimen155
\pgf@yx=\dimen156
\pgf@yy=\dimen157
\pgf@zx=\dimen158
\pgf@zy=\dimen159
)
(/usr/share/texlive/texmf-dist/tex/generic/pgf/basiclayer/pgfcorepathconstruct.
code.tex
File: pgfcorepathconstruct.code.tex 2013/10/07  (rcs-revision 1.29)
\pgf@path@lastx=\dimen160
\pgf@path@lasty=\dimen161
)
(/usr/share/texlive/texmf-dist/tex/generic/pgf/basiclayer/pgfcorepathusage.code
.tex
File: pgfcorepathusage.code.tex 2014/11/02  (rcs-revision 1.24)
\pgf@shorten@end@additional=\dimen162
\pgf@shorten@start@additional=\dimen163
)
(/usr/share/texlive/texmf-dist/tex/generic/pgf/basiclayer/pgfcorescopes.code.te
x
File: pgfcorescopes.code.tex 2015/05/08  (rcs-revision 1.46)
\pgfpic=\box30
\pgf@hbox=\box31
\pgf@layerbox@main=\box32
\pgf@picture@serial@count=\count104
)
(/usr/share/texlive/texmf-dist/tex/generic/pgf/basiclayer/pgfcoregraphicstate.c
ode.tex
File: pgfcoregraphicstate.code.tex 2014/11/02  (rcs-revision 1.12)
\pgflinewidth=\dimen164
)
(/usr/share/texlive/texmf-dist/tex/generic/pgf/basiclayer/pgfcoretransformation
s.code.tex
File: pgfcoretransformations.code.tex 2015/08/07  (rcs-revision 1.20)
\pgf@pt@x=\dimen165
\pgf@pt@y=\dimen166
\pgf@pt@temp=\dimen167
)
(/usr/share/texlive/texmf-dist/tex/generic/pgf/basiclayer/pgfcorequick.code.tex
File: pgfcorequick.code.tex 2008/10/09  (rcs-revision 1.3)
)
(/usr/share/texlive/texmf-dist/tex/generic/pgf/basiclayer/pgfcoreobjects.code.t
ex
File: pgfcoreobjects.code.tex 2006/10/11  (rcs-revision 1.2)
)
(/usr/share/texlive/texmf-dist/tex/generic/pgf/basiclayer/pgfcorepathprocessing
.code.tex
File: pgfcorepathprocessing.code.tex 2013/09/09  (rcs-revision 1.9)
)
(/usr/share/texlive/texmf-dist/tex/generic/pgf/basiclayer/pgfcorearrows.code.te
x
File: pgfcorearrows.code.tex 2015/05/14  (rcs-revision 1.43)
\pgfarrowsep=\dimen168
)
(/usr/share/texlive/texmf-dist/tex/generic/pgf/basiclayer/pgfcoreshade.code.tex
File: pgfcoreshade.code.tex 2013/07/15  (rcs-revision 1.15)
\pgf@max=\dimen169
\pgf@sys@shading@range@num=\count105
)
(/usr/share/texlive/texmf-dist/tex/generic/pgf/basiclayer/pgfcoreimage.code.tex
File: pgfcoreimage.code.tex 2013/07/15  (rcs-revision 1.18)

(/usr/share/texlive/texmf-dist/tex/generic/pgf/basiclayer/pgfcoreexternal.code.
tex
File: pgfcoreexternal.code.tex 2014/07/09  (rcs-revision 1.21)
\pgfexternal@startupbox=\box33
))
(/usr/share/texlive/texmf-dist/tex/generic/pgf/basiclayer/pgfcorelayers.code.te
x
File: pgfcorelayers.code.tex 2013/07/18  (rcs-revision 1.7)
)
(/usr/share/texlive/texmf-dist/tex/generic/pgf/basiclayer/pgfcoretransparency.c
ode.tex
File: pgfcoretransparency.code.tex 2013/09/30  (rcs-revision 1.5)
)
(/usr/share/texlive/texmf-dist/tex/generic/pgf/basiclayer/pgfcorepatterns.code.
tex
File: pgfcorepatterns.code.tex 2013/11/07  (rcs-revision 1.5)
)))
(/usr/share/texlive/texmf-dist/tex/generic/pgf/modules/pgfmoduleshapes.code.tex
File: pgfmoduleshapes.code.tex 2014/03/21  (rcs-revision 1.35)
\pgfnodeparttextbox=\box34
) (/usr/share/texlive/texmf-dist/tex/generic/pgf/modules/pgfmoduleplot.code.tex
File: pgfmoduleplot.code.tex 2015/08/03  (rcs-revision 1.13)
)
(/usr/share/texlive/texmf-dist/tex/latex/pgf/compatibility/pgfcomp-version-0-65
.sty
Package: pgfcomp-version-0-65 2007/07/03 v3.0.1a (rcs-revision 1.7)
\pgf@nodesepstart=\dimen170
\pgf@nodesepend=\dimen171
)
(/usr/share/texlive/texmf-dist/tex/latex/pgf/compatibility/pgfcomp-version-1-18
.sty
Package: pgfcomp-version-1-18 2007/07/23 v3.0.1a (rcs-revision 1.1)
)) (/usr/share/texlive/texmf-dist/tex/latex/pgf/utilities/pgffor.sty
(/usr/share/texlive/texmf-dist/tex/latex/pgf/utilities/pgfkeys.sty
(/usr/share/texlive/texmf-dist/tex/generic/pgf/utilities/pgfkeys.code.tex))
(/usr/share/texlive/texmf-dist/tex/latex/pgf/math/pgfmath.sty
(/usr/share/texlive/texmf-dist/tex/generic/pgf/math/pgfmath.code.tex))
(/usr/share/texlive/texmf-dist/tex/generic/pgf/utilities/pgffor.code.tex
Package: pgffor 2013/12/13 v3.0.1a (rcs-revision 1.25)

(/usr/share/texlive/texmf-dist/tex/generic/pgf/math/pgfmath.code.tex)
\pgffor@iter=\dimen172
\pgffor@skip=\dimen173
\pgffor@stack=\toks26
\pgffor@toks=\toks27
))
(/usr/share/texlive/texmf-dist/tex/generic/pgf/frontendlayer/tikz/tikz.code.tex
Package: tikz 2015/08/07 v3.0.1a (rcs-revision 1.151)

(/usr/share/texlive/texmf-dist/tex/generic/pgf/libraries/pgflibraryplothandlers
.code.tex
File: pgflibraryplothandlers.code.tex 2013/08/31 v3.0.1a (rcs-revision 1.20)
\pgf@plot@mark@count=\count106
\pgfplotmarksize=\dimen174
)
\tikz@lastx=\dimen175
\tikz@lasty=\dimen176
\tikz@lastxsaved=\dimen177
\tikz@lastysaved=\dimen178
\tikzleveldistance=\dimen179
\tikzsiblingdistance=\dimen180
\tikz@figbox=\box35
\tikz@figbox@bg=\box36
\tikz@tempbox=\box37
\tikz@tempbox@bg=\box38
\tikztreelevel=\count107
\tikznumberofchildren=\count108
\tikznumberofcurrentchild=\count109
\tikz@fig@count=\count110

(/usr/share/texlive/texmf-dist/tex/generic/pgf/modules/pgfmodulematrix.code.tex
File: pgfmodulematrix.code.tex 2013/09/17  (rcs-revision 1.8)
\pgfmatrixcurrentrow=\count111
\pgfmatrixcurrentcolumn=\count112
\pgf@matrix@numberofcolumns=\count113
)
\tikz@expandcount=\count114

(/usr/share/texlive/texmf-dist/tex/generic/pgf/frontendlayer/tikz/libraries/tik
zlibrarytopaths.code.tex
File: tikzlibrarytopaths.code.tex 2008/06/17 v3.0.1a (rcs-revision 1.2)
)))
(/usr/share/texlive/texmf-dist/tex/generic/pgf/frontendlayer/tikz/libraries/tik
zlibrarypositioning.code.tex
File: tikzlibrarypositioning.code.tex 2008/10/06 v3.0.1a (rcs-revision 1.7)
)
(/usr/share/texlive/texmf-dist/tex/latex/amsmath/amsmath.sty
Package: amsmath 2016/03/03 v2.15a AMS math features
\@mathmargin=\skip44

For additional information on amsmath, use the `?' option.
(/usr/share/texlive/texmf-dist/tex/latex/amsmath/amstext.sty
Package: amstext 2000/06/29 v2.01 AMS text

(/usr/share/texlive/texmf-dist/tex/latex/amsmath/amsgen.sty
File: amsgen.sty 1999/11/30 v2.0 generic functions
\@emptytoks=\toks28
\ex@=\dimen181
))
(/usr/share/texlive/texmf-dist/tex/latex/amsmath/amsbsy.sty
Package: amsbsy 1999/11/29 v1.2d Bold Symbols
\pmbraise@=\dimen182
)
(/usr/share/texlive/texmf-dist/tex/latex/amsmath/amsopn.sty
Package: amsopn 1999/12/14 v2.01 operator names
)
\inf@bad=\count115
LaTeX Info: Redefining \frac on input line 199.
\uproot@=\count116
\leftroot@=\count117
LaTeX Info: Redefining \overline on input line 297.
\classnum@=\count118
\DOTSCASE@=\count119
LaTeX Info: Redefining \ldots on input line 394.
LaTeX Info: Redefining \dots on input line 397.
LaTeX Info: Redefining \cdots on input line 518.
\Mathstrutbox@=\box39
\strutbox@=\box40
\big@size=\dimen183
LaTeX Font Info:    Redeclaring font encoding OML on input line 630.
LaTeX Font Info:    Redeclaring font encoding OMS on input line 631.
\macc@depth=\count120
\c@MaxMatrixCols=\count121
\dotsspace@=\muskip10
\c@parentequation=\count122
\dspbrk@lvl=\count123
\tag@help=\toks29
\row@=\count124
\column@=\count125
\maxfields@=\count126
\andhelp@=\toks30
\eqnshift@=\dimen184
\alignsep@=\dimen185
\tagshift@=\dimen186
\tagwidth@=\dimen187
\totwidth@=\dimen188
\lineht@=\dimen189
\@envbody=\toks31
\multlinegap=\skip45
\multlinetaggap=\skip46
\mathdisplay@stack=\toks32
LaTeX Info: Redefining \[ on input line 2735.
LaTeX Info: Redefining \] on input line 2736.
)
(/usr/share/texlive/texmf-dist/tex/latex/amscls/amsthm.sty
Package: amsthm 2015/03/04 v2.20.2
\thm@style=\toks33
\thm@bodyfont=\toks34
\thm@headfont=\toks35
\thm@notefont=\toks36
\thm@headpunct=\toks37
\thm@preskip=\skip47
\thm@postskip=\skip48
\thm@headsep=\skip49
\dth@everypar=\toks38
)
(/usr/share/texlive/texmf-dist/tex/latex/wasysym/wasysym.sty
Package: wasysym 2003/10/30 v2.0 Wasy-2 symbol support package
\symwasy=\mathgroup4
LaTeX Font Info:    Overwriting symbol font `wasy' in version `bold'
(Font)                  U/wasy/m/n --> U/wasy/b/n on input line 90.
)
(/usr/share/texlive/texmf-dist/tex/latex/jknapltx/mathrsfs.sty
Package: mathrsfs 1996/01/01 Math RSFS package v1.0 (jk)
\symrsfs=\mathgroup5
)
(/usr/share/texlive/texmf-dist/tex/latex/txfonts/txfonts.sty
Package: txfonts 2008/01/22 v3.2.1
LaTeX Font Info:    Redeclaring symbol font `operators' on input line 21.
LaTeX Font Info:    Overwriting symbol font `operators' in version `normal'
(Font)                  OT1/cmr/m/n --> OT1/txr/m/n on input line 21.
LaTeX Font Info:    Overwriting symbol font `operators' in version `bold'
(Font)                  OT1/cmr/bx/n --> OT1/txr/m/n on input line 21.
LaTeX Font Info:    Overwriting symbol font `operators' in version `bold'
(Font)                  OT1/txr/m/n --> OT1/txr/bx/n on input line 22.
\symitalic=\mathgroup6
LaTeX Font Info:    Overwriting symbol font `italic' in version `bold'
(Font)                  OT1/txr/m/it --> OT1/txr/bx/it on input line 26.
LaTeX Font Info:    Redeclaring math alphabet \mathbf on input line 29.
LaTeX Font Info:    Overwriting math alphabet `\mathbf' in version `normal'
(Font)                  OT1/cmr/bx/n --> OT1/txr/bx/n on input line 29.
LaTeX Font Info:    Overwriting math alphabet `\mathbf' in version `bold'
(Font)                  OT1/cmr/bx/n --> OT1/txr/bx/n on input line 29.
LaTeX Font Info:    Redeclaring math alphabet \mathit on input line 30.
LaTeX Font Info:    Overwriting math alphabet `\mathit' in version `normal'
(Font)                  OT1/cmr/m/it --> OT1/txr/m/it on input line 30.
LaTeX Font Info:    Overwriting math alphabet `\mathit' in version `bold'
(Font)                  OT1/cmr/bx/it --> OT1/txr/m/it on input line 30.
LaTeX Font Info:    Overwriting math alphabet `\mathit' in version `bold'
(Font)                  OT1/txr/m/it --> OT1/txr/bx/it on input line 31.
LaTeX Font Info:    Redeclaring math alphabet \mathsf on input line 40.
LaTeX Font Info:    Overwriting math alphabet `\mathsf' in version `normal'
(Font)                  OT1/cmss/m/n --> OT1/txss/m/n on input line 40.
LaTeX Font Info:    Overwriting math alphabet `\mathsf' in version `bold'
(Font)                  OT1/cmss/bx/n --> OT1/txss/m/n on input line 40.
LaTeX Font Info:    Overwriting math alphabet `\mathsf' in version `bold'
(Font)                  OT1/txss/m/n --> OT1/txss/b/n on input line 41.
LaTeX Font Info:    Redeclaring math alphabet \mathtt on input line 50.
LaTeX Font Info:    Overwriting math alphabet `\mathtt' in version `normal'
(Font)                  OT1/cmtt/m/n --> OT1/txtt/m/n on input line 50.
LaTeX Font Info:    Overwriting math alphabet `\mathtt' in version `bold'
(Font)                  OT1/cmtt/m/n --> OT1/txtt/m/n on input line 50.
LaTeX Font Info:    Overwriting math alphabet `\mathtt' in version `bold'
(Font)                  OT1/txtt/m/n --> OT1/txtt/b/n on input line 51.
LaTeX Font Info:    Redeclaring symbol font `letters' on input line 58.
LaTeX Font Info:    Overwriting symbol font `letters' in version `normal'
(Font)                  OML/cmm/m/it --> OML/txmi/m/it on input line 58.
LaTeX Font Info:    Overwriting symbol font `letters' in version `bold'
(Font)                  OML/cmm/b/it --> OML/txmi/m/it on input line 58.
LaTeX Font Info:    Overwriting symbol font `letters' in version `bold'
(Font)                  OML/txmi/m/it --> OML/txmi/bx/it on input line 59.
\symlettersA=\mathgroup7
LaTeX Font Info:    Overwriting symbol font `lettersA' in version `bold'
(Font)                  U/txmia/m/it --> U/txmia/bx/it on input line 67.
LaTeX Font Info:    Redeclaring symbol font `symbols' on input line 77.
LaTeX Font Info:    Overwriting symbol font `symbols' in version `normal'
(Font)                  OMS/cmsy/m/n --> OMS/txsy/m/n on input line 77.
LaTeX Font Info:    Overwriting symbol font `symbols' in version `bold'
(Font)                  OMS/cmsy/b/n --> OMS/txsy/m/n on input line 77.
LaTeX Font Info:    Overwriting symbol font `symbols' in version `bold'
(Font)                  OMS/txsy/m/n --> OMS/txsy/bx/n on input line 78.
\symAMSa=\mathgroup8
LaTeX Font Info:    Overwriting symbol font `AMSa' in version `bold'
(Font)                  U/txsya/m/n --> U/txsya/bx/n on input line 94.
\symAMSb=\mathgroup9
LaTeX Font Info:    Overwriting symbol font `AMSb' in version `bold'
(Font)                  U/txsyb/m/n --> U/txsyb/bx/n on input line 103.
\symsymbolsC=\mathgroup10
LaTeX Font Info:    Overwriting symbol font `symbolsC' in version `bold'
(Font)                  U/txsyc/m/n --> U/txsyc/bx/n on input line 113.
LaTeX Font Info:    Redeclaring symbol font `largesymbols' on input line 120.
LaTeX Font Info:    Overwriting symbol font `largesymbols' in version `normal'
(Font)                  OMX/cmex/m/n --> OMX/txex/m/n on input line 120.
LaTeX Font Info:    Overwriting symbol font `largesymbols' in version `bold'
(Font)                  OMX/cmex/m/n --> OMX/txex/m/n on input line 120.
LaTeX Font Info:    Overwriting symbol font `largesymbols' in version `bold'
(Font)                  OMX/txex/m/n --> OMX/txex/bx/n on input line 121.
\symlargesymbolsA=\mathgroup11
LaTeX Font Info:    Overwriting symbol font `largesymbolsA' in version `bold'
(Font)                  U/txexa/m/n --> U/txexa/bx/n on input line 129.
LaTeX Info: Redefining \not on input line 1043.
LaTeX Info: Redefining \textsquare on input line 1063.
LaTeX Info: Redefining \openbox on input line 1064.
)
(/usr/share/texlive/texmf-dist/tex/latex/sttools/stfloats.sty
Package: stfloats 2016/02/08 v2.0 Improve float mechanism and baselineskip sett
ings
\@dblbotnum=\count127
\c@dblbotnumber=\count128
)
(/usr/share/texlive/texmf-dist/tex/latex/cite/cite.sty
LaTeX Info: Redefining \cite on input line 302.
LaTeX Info: Redefining \nocite on input line 332.
Package: cite 2015/02/27  v 5.5
)
(/usr/share/texlive/texmf-dist/tex/latex/cases/cases.sty
Package: cases 2002/05/02 ver 2.5 
)
(/usr/share/texlive/texmf-dist/tex/latex/mathtools/mathtools.sty
Package: mathtools 2015/11/12 v1.18 mathematical typesetting tools

(/usr/share/texlive/texmf-dist/tex/latex/tools/calc.sty
Package: calc 2014/10/28 v4.3 Infix arithmetic (KKT,FJ)
\calc@Acount=\count129
\calc@Bcount=\count130
\calc@Adimen=\dimen190
\calc@Bdimen=\dimen191
\calc@Askip=\skip50
\calc@Bskip=\skip51
LaTeX Info: Redefining \setlength on input line 80.
LaTeX Info: Redefining \addtolength on input line 81.
\calc@Ccount=\count131
\calc@Cskip=\skip52
)
(/usr/share/texlive/texmf-dist/tex/latex/mathtools/mhsetup.sty
Package: mhsetup 2010/01/21 v1.2a programming setup (MH)
)
LaTeX Info: Thecontrolsequence`\('isalreadyrobust on input line 129.
LaTeX Info: Thecontrolsequence`\)'isalreadyrobust on input line 129.
LaTeX Info: Thecontrolsequence`\['isalreadyrobust on input line 129.
LaTeX Info: Thecontrolsequence`\]'isalreadyrobust on input line 129.
\g_MT_multlinerow_int=\count132
\l_MT_multwidth_dim=\dimen192
\origjot=\skip53
\l_MT_shortvdotswithinadjustabove_dim=\dimen193
\l_MT_shortvdotswithinadjustbelow_dim=\dimen194
\l_MT_above_intertext_sep=\dimen195
\l_MT_below_intertext_sep=\dimen196
\l_MT_above_shortintertext_sep=\dimen197
\l_MT_below_shortintertext_sep=\dimen198
)
(/usr/share/texlive/texmf-dist/tex/latex/subfig/subfig.sty
Package: subfig 2005/06/28 ver: 1.3 subfig package
\c@KVtest=\count133
\sf@farskip=\skip54
\sf@captopadj=\dimen199
\sf@capskip=\skip55
\sf@nearskip=\skip56
\c@subfigure=\count134
\c@subfigure@save=\count135
\c@lofdepth=\count136
\c@subtable=\count137
\c@subtable@save=\count138
\c@lotdepth=\count139
\sf@top=\skip57
\sf@bottom=\skip58
)
(/usr/share/texlive/texmf-dist/tex/latex/tools/enumerate.sty
Package: enumerate 2015/07/23 v3.00 enumerate extensions (DPC)
\@enLab=\toks39
)
(/usr/share/texlive/texmf-dist/tex/latex/enumitem/enumitem.sty
Package: enumitem 2011/09/28 v3.5.2 Customized lists
\labelindent=\skip59
\enit@outerparindent=\dimen256
\enit@toks=\toks40
\enit@inbox=\box41
\enitdp@description=\count140
)
(/usr/share/texlive/texmf-dist/tex/latex/tools/longtable.sty
Package: longtable 2014/10/28 v4.11 Multi-page Table package (DPC)
\LTleft=\skip60
\LTright=\skip61
\LTpre=\skip62
\LTpost=\skip63
\LTchunksize=\count141
\LTcapwidth=\dimen257
\LT@head=\box42
\LT@firsthead=\box43
\LT@foot=\box44
\LT@lastfoot=\box45
\LT@cols=\count142
\LT@rows=\count143
\c@LT@tables=\count144
\c@LT@chunks=\count145
\LT@p@ftn=\toks41
)
(/usr/share/texlive/texmf-dist/tex/latex/multirow/multirow.sty
\bigstrutjot=\dimen258
)
(/usr/share/texlive/texmf-dist/tex/latex/listings/listings.sty
\lst@mode=\count146
\lst@gtempboxa=\box46
\lst@token=\toks42
\lst@length=\count147
\lst@currlwidth=\dimen259
\lst@column=\count148
\lst@pos=\count149
\lst@lostspace=\dimen260
\lst@width=\dimen261
\lst@newlines=\count150
\lst@lineno=\count151
\lst@maxwidth=\dimen262

(/usr/share/texlive/texmf-dist/tex/latex/listings/lstmisc.sty
File: lstmisc.sty 2015/06/04 1.6 (Carsten Heinz)
\c@lstnumber=\count152
\lst@skipnumbers=\count153
\lst@framebox=\box47
)
(/usr/share/texlive/texmf-dist/tex/latex/listings/listings.cfg
File: listings.cfg 2015/06/04 1.6 listings configuration
))
Package: listings 2015/06/04 1.6 (Carsten Heinz)

(/usr/share/texlive/texmf-dist/tex/latex/base/inputenc.sty
Package: inputenc 2015/03/17 v1.2c Input encoding file
\inpenc@prehook=\toks43
\inpenc@posthook=\toks44

(/usr/share/texlive/texmf-dist/tex/latex/base/latin1.def
File: latin1.def 2015/03/17 v1.2c Input encoding file
))
(/usr/share/texlive/texmf-dist/tex/latex/tools/array.sty
Package: array 2014/10/28 v2.4c Tabular extension package (FMi)
\col@sep=\dimen263
\extrarowheight=\dimen264
\NC@list=\toks45
\extratabsurround=\skip64
\backup@length=\skip65
)
(/usr/share/texlive/texmf-dist/tex/latex/tools/hhline.sty
Package: hhline 2014/10/28 v2.03 Table rule package (DPC)
)
(/usr/share/texlive/texmf-dist/tex/latex/base/ifthen.sty
Package: ifthen 2014/09/29 v1.1c Standard LaTeX ifthen package (DPC)
)
(/usr/share/texlive/texmf-dist/tex/latex/graphics/lscape.sty
Package: lscape 2000/10/22 v3.01 Landscape Pages (DPC)
) (./NCC_2020.aux

LaTeX Warning: Label `table:type' multiply defined.


LaTeX Warning: Label `fig:8psk1' multiply defined.

)
\openout1 = `NCC_2020.aux'.

LaTeX Font Info:    Checking defaults for OML/txmi/m/it on input line 117.
LaTeX Font Info:    Try loading font information for OML+txmi on input line 117
.
 (/usr/share/texlive/texmf-dist/tex/latex/txfonts/omltxmi.fd
File: omltxmi.fd 2000/12/15 v3.1
)
LaTeX Font Info:    ... okay on input line 117.
LaTeX Font Info:    Checking defaults for T1/cmr/m/n on input line 117.
LaTeX Font Info:    ... okay on input line 117.
LaTeX Font Info:    Checking defaults for OT1/cmr/m/n on input line 117.
LaTeX Font Info:    ... okay on input line 117.
LaTeX Font Info:    Checking defaults for OMS/txsy/m/n on input line 117.
LaTeX Font Info:    Try loading font information for OMS+txsy on input line 117
.

(/usr/share/texlive/texmf-dist/tex/latex/txfonts/omstxsy.fd
File: omstxsy.fd 2000/12/15 v3.1
)
LaTeX Font Info:    ... okay on input line 117.
LaTeX Font Info:    Checking defaults for OMX/txex/m/n on input line 117.
LaTeX Font Info:    Try loading font information for OMX+txex on input line 117
.

(/usr/share/texlive/texmf-dist/tex/latex/txfonts/omxtxex.fd
File: omxtxex.fd 2000/12/15 v3.1
)
LaTeX Font Info:    ... okay on input line 117.
LaTeX Font Info:    Checking defaults for U/txexa/m/n on input line 117.
LaTeX Font Info:    Try loading font information for U+txexa on input line 117.


(/usr/share/texlive/texmf-dist/tex/latex/txfonts/utxexa.fd
File: utxexa.fd 2000/12/15 v3.1
)
LaTeX Font Info:    ... okay on input line 117.
LaTeX Font Info:    Try loading font information for OT1+txr on input line 117.


(/usr/share/texlive/texmf-dist/tex/latex/txfonts/ot1txr.fd
File: ot1txr.fd 2000/12/15 v3.1
)
-- Lines per column: 50 (exact).
LaTeX Info: Redefining \celsius on input line 117.
Package gensymb Info: Faking symbols for \degree and \celsius on input line 117
.

Package gensymb Warning: Not defining \perthousand.

LaTeX Info: Redefining \ohm on input line 117.
Package gensymb Info: Using \Omega for \ohm on input line 117.

Package gensymb Warning: Not defining \micro.

(/usr/share/texlive/texmf-dist/tex/context/base/supp-pdf.mkii
[Loading MPS to PDF converter (version 2006.09.02).]
\scratchcounter=\count154
\scratchdimen=\dimen265
\scratchbox=\box48
\nofMPsegments=\count155
\nofMParguments=\count156
\everyMPshowfont=\toks46
\MPscratchCnt=\count157
\MPscratchDim=\dimen266
\MPnumerator=\count158
\makeMPintoPDFobject=\count159
\everyMPtoPDFconversion=\toks47
)
Package caption Info: Begin \AtBeginDocument code.
Package caption Info: subfig package v1.3 is loaded.
Package caption Info: listings package is loaded.
Package caption Info: longtable package is loaded.
 (/usr/share/texlive/texmf-dist/tex/latex/caption/ltcaption.sty
Package: ltcaption 2013/06/09 v1.4-94 longtable captions (AR)
)
Package caption Info: End \AtBeginDocument code.

ABD: EveryShipout initializing macros
(/usr/share/texlive/texmf-dist/tex/generic/oberdiek/pdftexcmds.sty
Package: pdftexcmds 2011/11/29 v0.20 Utility functions of pdfTeX for LuaTeX (HO
)

(/usr/share/texlive/texmf-dist/tex/generic/oberdiek/ifluatex.sty
Package: ifluatex 2010/03/01 v1.3 Provides the ifluatex switch (HO)
Package ifluatex Info: LuaTeX not detected.
)
(/usr/share/texlive/texmf-dist/tex/generic/oberdiek/ifpdf.sty
Package: ifpdf 2011/01/30 v2.3 Provides the ifpdf switch (HO)
Package ifpdf Info: pdfTeX in PDF mode is detected.
)
Package pdftexcmds Info: LuaTeX not detected.
Package pdftexcmds Info: \pdf@primitive is available.
Package pdftexcmds Info: \pdf@ifprimitive is available.
Package pdftexcmds Info: \pdfdraftmode found.
)
(/usr/share/texlive/texmf-dist/tex/latex/oberdiek/epstopdf-base.sty
Package: epstopdf-base 2010/02/09 v2.5 Base part for package epstopdf

(/usr/share/texlive/texmf-dist/tex/latex/oberdiek/grfext.sty
Package: grfext 2010/08/19 v1.1 Manage graphics extensions (HO)

(/usr/share/texlive/texmf-dist/tex/generic/oberdiek/kvdefinekeys.sty
Package: kvdefinekeys 2011/04/07 v1.3 Define keys (HO)
))
(/usr/share/texlive/texmf-dist/tex/latex/oberdiek/kvoptions.sty
Package: kvoptions 2011/06/30 v3.11 Key value format for package options (HO)

(/usr/share/texlive/texmf-dist/tex/generic/oberdiek/kvsetkeys.sty
Package: kvsetkeys 2012/04/25 v1.16 Key value parser (HO)

(/usr/share/texlive/texmf-dist/tex/generic/oberdiek/etexcmds.sty
Package: etexcmds 2011/02/16 v1.5 Avoid name clashes with e-TeX commands (HO)
Package etexcmds Info: Could not find \expanded.
(etexcmds)             That can mean that you are not using pdfTeX 1.50 or
(etexcmds)             that some package has redefined \expanded.
(etexcmds)             In the latter case, load this package earlier.
)))
Package grfext Info: Graphics extension search list:
(grfext)             [.png,.pdf,.jpg,.mps,.jpeg,.jbig2,.jb2,.PNG,.PDF,.JPG,.JPE
G,.JBIG2,.JB2,.eps]
(grfext)             \AppendGraphicsExtensions on input line 452.

(/usr/share/texlive/texmf-dist/tex/latex/latexconfig/epstopdf-sys.cfg
File: epstopdf-sys.cfg 2010/07/13 v1.3 Configuration of (r)epstopdf for TeX Liv
e
))
\c@lstlisting=\count160
\c@theorem=\count161
\c@problem=\count162
\c@proposition=\count163
\c@lemma=\count164
\c@example=\count165
\c@definition=\count166
\c@rem=\count167
LaTeX Font Info:    Calculating math sizes for size <14> on input line 231.
LaTeX Font Info:    Try loading font information for U+wasy on input line 231.

(/usr/share/texlive/texmf-dist/tex/latex/wasysym/uwasy.fd
File: uwasy.fd 2003/10/30 v2.0 Wasy-2 symbol font definitions
)
LaTeX Font Info:    Try loading font information for U+rsfs on input line 231.

(/usr/share/texlive/texmf-dist/tex/latex/jknapltx/ursfs.fd
File: ursfs.fd 1998/03/24 rsfs font definition file (jk)
)
LaTeX Font Info:    Try loading font information for U+txmia on input line 231.


(/usr/share/texlive/texmf-dist/tex/latex/txfonts/utxmia.fd
File: utxmia.fd 2000/12/15 v3.1
)
LaTeX Font Info:    Try loading font information for U+txsya on input line 231.


(/usr/share/texlive/texmf-dist/tex/latex/txfonts/utxsya.fd
File: utxsya.fd 2000/12/15 v3.1
)
LaTeX Font Info:    Try loading font information for U+txsyb on input line 231.


(/usr/share/texlive/texmf-dist/tex/latex/txfonts/utxsyb.fd
File: utxsyb.fd 2000/12/15 v3.1
)
LaTeX Font Info:    Try loading font information for U+txsyc on input line 231.


(/usr/share/texlive/texmf-dist/tex/latex/txfonts/utxsyc.fd
File: utxsyc.fd 2000/12/15 v3.1
) (./NCC_2020.toc
Underfull \hbox (badness 2932) in paragraph at lines 8--8
 \OT1/txr/m/n/12 Max-i-mum Like-li-hood (FF- 
 []


Underfull \hbox (badness 3407) in paragraph at lines 9--9
 [][] []\OT1/txr/m/n/12 Automatic Gain Con-troller 
 []


Underfull \hbox (badness 10000) in paragraph at lines 24--24
 [][] []\OT1/txr/m/n/12 Approximated LLR's for 
 []


Underfull \hbox (badness 10000) in paragraph at lines 27--27
[][]\OT1/txr/bx/n/12 Physical Layer Fram- 
 []

)
\tf@toc=\write4
\openout4 = `NCC_2020.toc'.

 [1{/var/lib/texmf/fonts/map/pdftex/updmap/pdftex.map}


] (./tables/psk.tex
\gnumericTableWidth=\skip66
\gnumericTableWidthComplete=\skip67
\gnumericMultiRowLength=\skip68
\gnumericColA=\skip69
\gnumericColB=\skip70
\gnumericColC=\skip71
\gnumericColD=\skip72
\gnumericColE=\skip73

Overfull \hbox (6.0pt too wide) in paragraph at lines 154--154
[]|\OT1/txr/m/n/12 x| 
 []


LaTeX Warning: Command \j invalid in math mode on input line 220.

) (./figs/16apsk.tex) (./figs/32apsk.tex) [2] [3] [4]
Overfull \hbox (27.59984pt too wide) detected at line 714
\OML/txmi/m/it/12 T[]\OT1/txr/m/n/12 (\OML/txmi/m/it/12 x\OT1/txr/m/n/12 ) = []

 []


Overfull \hbox (9.14091pt too wide) detected at line 732
\OML/txmi/m/it/12 r\OT1/txr/m/n/12 (\OML/txmi/m/it/12 x\OT1/txr/m/n/12 ) = \OML
/txmi/m/it/12 c\OT1/txr/m/n/12 (\OML/txmi/m/it/12 x\OT1/txr/m/n/12 ) + \OML/txm
i/m/it/12 e\OT1/txr/m/n/12 (\OML/txmi/m/it/12 x\OT1/txr/m/n/12 ) = \OML/txmi/m/
it/12 r[]x[] \OT1/txr/m/n/12 + \OML/txmi/m/it/12 r[]x[] \OT1/txr/m/n/12 + [] + 
\OML/txmi/m/it/12 r[]x \OT1/txr/m/n/12 + \OML/txmi/m/it/12 r[]
 []

Package epstopdf Info: Source file: <./figs/tanner.eps>
(epstopdf)                    date: 2019-10-06 07:28:58
(epstopdf)                    size: 825811 bytes
(epstopdf)             Output file: <./figs/tanner-eps-converted-to.pdf>
(epstopdf)                    date: 2019-10-06 07:28:58
(epstopdf)                    size: 26416 bytes
(epstopdf)             Command: <repstopdf --outfile=./figs/tanner-eps-converte
d-to.pdf ./figs/tanner.eps>
(epstopdf)             \includegraphics on input line 810.
Package epstopdf Info: Output file is already uptodate.
<./figs/tanner-eps-converted-to.pdf, id=30, 630.355pt x 646.415pt>
File: ./figs/tanner-eps-converted-to.pdf Graphic file (type pdf)

<use ./figs/tanner-eps-converted-to.pdf>
Package pdftex.def Info: ./figs/tanner-eps-converted-to.pdf used on input line 
810.
(pdftex.def)             Requested size: 252.0pt x 258.42332pt.
 [5 <./figs/tanner-eps-converted-to.pdf>]
Package epstopdf Info: Source file: <./figs/checkope.eps>
(epstopdf)                    date: 2019-10-06 07:28:58
(epstopdf)                    size: 203249 bytes
(epstopdf)             Output file: <./figs/checkope-eps-converted-to.pdf>
(epstopdf)                    date: 2019-10-06 07:28:58
(epstopdf)                    size: 9112 bytes
(epstopdf)             Command: <repstopdf --outfile=./figs/checkope-eps-conver
ted-to.pdf ./figs/checkope.eps>
(epstopdf)             \includegraphics on input line 886.
Package epstopdf Info: Output file is already uptodate.
 <./figs/checkope-eps-converted-to.pdf, id=38, 374.39874pt x 261.97874pt>
File: ./figs/checkope-eps-converted-to.pdf Graphic file (type pdf)

<use ./figs/checkope-eps-converted-to.pdf>
Package pdftex.def Info: ./figs/checkope-eps-converted-to.pdf used on input lin
e 886.
(pdftex.def)             Requested size: 252.0pt x 176.33234pt.
 (./figs/ptable.tex)
Overfull \hbox (9.7864pt too wide) detected at line 924
\OML/txmi/m/it/12 p[] \OMS/txsy/m/n/12 ^^@ \OT1/txr/m/n/12 (1 \OMS/txsy/m/n/12 
^^@ \OML/txmi/m/it/12 p[]\OT1/txr/m/n/12 ) = \OML/txmi/m/it/12 p[] \OMS/txsy/m/
n/12 ^^@ \OT1/txr/m/n/12 (1 \OMS/txsy/m/n/12 ^^@ \OML/txmi/m/it/12 p[]\OT1/txr/
m/n/12 ) + \OML/txmi/m/it/12 p[] \OMS/txsy/m/n/12 ^^@ \OT1/txr/m/n/12 (1 \OMS/t
xsy/m/n/12 ^^@ \OML/txmi/m/it/12 p[]\OT1/txr/m/n/12 ) + \OML/txmi/m/it/12 p[] \
OMS/txsy/m/n/12 ^^@ \OT1/txr/m/n/12 (1 \OMS/txsy/m/n/12 ^^@ \OML/txmi/m/it/12 p
[]\OT1/txr/m/n/12 )
 []

[6 <./figs/checkope-eps-converted-to.pdf>]
Package epstopdf Info: Source file: <./figs/fxgraph.eps>
(epstopdf)                    date: 2019-10-06 07:28:58
(epstopdf)                    size: 36577 bytes
(epstopdf)             Output file: <./figs/fxgraph-eps-converted-to.pdf>
(epstopdf)                    date: 2019-10-06 07:28:58
(epstopdf)                    size: 20700 bytes
(epstopdf)             Command: <repstopdf --outfile=./figs/fxgraph-eps-convert
ed-to.pdf ./figs/fxgraph.eps>
(epstopdf)             \includegraphics on input line 947.
Package epstopdf Info: Output file is already uptodate.

<./figs/fxgraph-eps-converted-to.pdf, id=45, 433.62pt x 289.08pt>
File: ./figs/fxgraph-eps-converted-to.pdf Graphic file (type pdf)

<use ./figs/fxgraph-eps-converted-to.pdf>
Package pdftex.def Info: ./figs/fxgraph-eps-converted-to.pdf used on input line
 947.
(pdftex.def)             Requested size: 252.0pt x 168.00174pt.
Package epstopdf Info: Source file: <./figs/varope.eps>
(epstopdf)                    date: 2019-10-06 07:28:58
(epstopdf)                    size: 167458 bytes
(epstopdf)             Output file: <./figs/varope-eps-converted-to.pdf>
(epstopdf)                    date: 2019-10-06 07:28:58
(epstopdf)                    size: 6386 bytes
(epstopdf)             Command: <repstopdf --outfile=./figs/varope-eps-converte
d-to.pdf ./figs/varope.eps>
(epstopdf)             \includegraphics on input line 988.
Package epstopdf Info: Output file is already uptodate.

<./figs/varope-eps-converted-to.pdf, id=46, 325.215pt x 246.9225pt>
File: ./figs/varope-eps-converted-to.pdf Graphic file (type pdf)

<use ./figs/varope-eps-converted-to.pdf>
Package pdftex.def Info: ./figs/varope-eps-converted-to.pdf used on input line 
988.
(pdftex.def)             Requested size: 252.0pt x 191.33656pt.

Overfull \hbox (5.5127pt too wide) in paragraph at lines 999--999
[] 
 []

[7 <./figs/fxgraph-eps-converted-to.pdf> <./figs/varope-eps-converted-to.pdf>]
Package epstopdf Info: Source file: <./figs/ber.eps>
(epstopdf)                    date: 2019-10-06 07:28:58
(epstopdf)                    size: 33278 bytes
(epstopdf)             Output file: <./figs/ber-eps-converted-to.pdf>
(epstopdf)                    date: 2019-10-06 07:28:58
(epstopdf)                    size: 12122 bytes
(epstopdf)             Command: <repstopdf --outfile=./figs/ber-eps-converted-t
o.pdf ./figs/ber.eps>
(epstopdf)             \includegraphics on input line 1029.
Package epstopdf Info: Output file is already uptodate.

<./figs/ber-eps-converted-to.pdf, id=86, 562.1pt x 421.575pt>
File: ./figs/ber-eps-converted-to.pdf Graphic file (type pdf)

<use ./figs/ber-eps-converted-to.pdf>
Package pdftex.def Info: ./figs/ber-eps-converted-to.pdf used on input line 102
9.
(pdftex.def)             Requested size: 252.0pt x 188.99939pt.
Package epstopdf Info: Source file: <./figs/qpsk.eps>
(epstopdf)                    date: 2019-10-06 07:28:58
(epstopdf)                    size: 1494125 bytes
(epstopdf)             Output file: <./figs/qpsk-eps-converted-to.pdf>
(epstopdf)                    date: 2019-10-06 07:28:58
(epstopdf)                    size: 30754 bytes
(epstopdf)             Command: <repstopdf --outfile=./figs/qpsk-eps-converted-
to.pdf ./figs/qpsk.eps>
(epstopdf)             \includegraphics on input line 1066.
Package epstopdf Info: Output file is already uptodate.

<./figs/qpsk-eps-converted-to.pdf, id=87, 595.22375pt x 414.54875pt>
File: ./figs/qpsk-eps-converted-to.pdf Graphic file (type pdf)

<use ./figs/qpsk-eps-converted-to.pdf>
Package pdftex.def Info: ./figs/qpsk-eps-converted-to.pdf used on input line 10
66.
(pdftex.def)             Requested size: 252.0pt x 175.50722pt.

Underfull \hbox (badness 10000) in paragraph at lines 1071--1071
 \OT1/txr/m/it/12 C. Ap-prox-i-mated LLR's for 8-PSK Map-ping
 []

[8 <./figs/ber-eps-converted-to.pdf> <./figs/qpsk-eps-converted-to.pdf>]
Package epstopdf Info: Source file: <./figs/8psk.eps>
(epstopdf)                    date: 2019-10-06 07:28:58
(epstopdf)                    size: 1763083 bytes
(epstopdf)             Output file: <./figs/8psk-eps-converted-to.pdf>
(epstopdf)                    date: 2019-10-06 07:28:58
(epstopdf)                    size: 36505 bytes
(epstopdf)             Command: <repstopdf --outfile=./figs/8psk-eps-converted-
to.pdf ./figs/8psk.eps>
(epstopdf)             \includegraphics on input line 1084.
Package epstopdf Info: Output file is already uptodate.

<./figs/8psk-eps-converted-to.pdf, id=99, 684.5575pt x 425.59pt>
File: ./figs/8psk-eps-converted-to.pdf Graphic file (type pdf)

<use ./figs/8psk-eps-converted-to.pdf>
Package pdftex.def Info: ./figs/8psk-eps-converted-to.pdf used on input line 10
84.
(pdftex.def)             Requested size: 252.0pt x 156.66707pt.


LaTeX Warning: Citation `dvb' on page 9 undefined on input line 1117.

Package epstopdf Info: Source file: <./images/bitinterleaver_8psk.eps>
(epstopdf)                    date: 2019-10-06 07:28:58
(epstopdf)                    size: 4836714 bytes
(epstopdf)             Output file: <./images/bitinterleaver_8psk-eps-converted
-to.pdf>
(epstopdf)                    date: 2019-10-10 22:50:25
(epstopdf)                    size: 75494 bytes
(epstopdf)             Command: <repstopdf --outfile=./images/bitinterleaver_8p
sk-eps-converted-to.pdf ./images/bitinterleaver_8psk.eps>
(epstopdf)             \includegraphics on input line 1121.
Package epstopdf Info: Output file is already uptodate.

<./images/bitinterleaver_8psk-eps-converted-to.pdf, id=100, 1102.1175pt x 726.7
15pt>
File: ./images/bitinterleaver_8psk-eps-converted-to.pdf Graphic file (type pdf)

 <use ./images/bitinterleaver_8psk-eps-converted-to.pdf>
Package pdftex.def Info: ./images/bitinterleaver_8psk-eps-converted-to.pdf used
 on input line 1121.
(pdftex.def)             Requested size: 252.0pt x 166.15402pt.

Underfull \hbox (badness 1852) in paragraph at lines 1116--1127
[]\OT1/txr/m/n/12 For 8PSK, 16APSK, and 32APSK map-ping
 []

Package epstopdf Info: Source file: <./figs/Interleaver.eps>
(epstopdf)                    date: 2019-10-06 07:28:58
(epstopdf)                    size: 35966 bytes
(epstopdf)             Output file: <./figs/Interleaver-eps-converted-to.pdf>
(epstopdf)                    date: 2019-10-10 22:49:55
(epstopdf)                    size: 12762 bytes
(epstopdf)             Command: <repstopdf --outfile=./figs/Interleaver-eps-con
verted-to.pdf ./figs/Interleaver.eps>
(epstopdf)             \includegraphics on input line 1136.
Package epstopdf Info: Output file is already uptodate.
<./figs/Interleaver-eps-converted-to.pdf, id=101, 369.38pt x 297.11pt>
File: ./figs/Interleaver-eps-converted-to.pdf Graphic file (type pdf)

<use ./figs/Interleaver-eps-converted-to.pdf>
Package pdftex.def Info: ./figs/Interleaver-eps-converted-to.pdf used on input 
line 1136.
(pdftex.def)             Requested size: 252.0pt x 202.69402pt.


LaTeX Warning: Citation `dvb' on page 9 undefined on input line 1145.

<./images/pl_framing.png, id=102, 1465.475pt x 663.47874pt>
File: ./images/pl_framing.png Graphic file (type png)

<use ./images/pl_framing.png>
Package pdftex.def Info: ./images/pl_framing.png used on input line 1151.
(pdftex.def)             Requested size: 252.0pt x 114.08574pt.
 [9 <./figs/8psk-eps-converted-to.pdf> <./images/bitinterleaver_8psk-eps-conver
ted-to.pdf> <./figs/Interleaver-eps-converted-to.pdf> <./images/pl_framing.png>
]

LaTeX Warning: Citation `dvb' on page 10 undefined on input line 1162.


LaTeX Warning: Citation `dvb' on page 10 undefined on input line 1167.

(./figs/type.tex)
Package epstopdf Info: Source file: <./images/MODCOD.eps>
(epstopdf)                    date: 2019-10-06 07:28:58
(epstopdf)                    size: 994935 bytes
(epstopdf)             Output file: <./images/MODCOD-eps-converted-to.pdf>
(epstopdf)                    date: 2019-10-10 22:50:27
(epstopdf)                    size: 45201 bytes
(epstopdf)             Command: <repstopdf --outfile=./images/MODCOD-eps-conver
ted-to.pdf ./images/MODCOD.eps>
(epstopdf)             \includegraphics on input line 1189.
Package epstopdf Info: Output file is already uptodate.

<./images/MODCOD-eps-converted-to.pdf, id=117, 1242.6425pt x 395.4775pt>
File: ./images/MODCOD-eps-converted-to.pdf Graphic file (type pdf)

<use ./images/MODCOD-eps-converted-to.pdf>
Package pdftex.def Info: ./images/MODCOD-eps-converted-to.pdf used on input lin
e 1189.
(pdftex.def)             Requested size: 252.0pt x 80.19841pt.
Package epstopdf Info: Source file: <./images/plscode.eps>
(epstopdf)                    date: 2019-10-06 07:28:58
(epstopdf)                    size: 653880 bytes
(epstopdf)             Output file: <./images/plscode-eps-converted-to.pdf>
(epstopdf)                    date: 2019-10-10 22:50:27
(epstopdf)                    size: 20666 bytes
(epstopdf)             Command: <repstopdf --outfile=./images/plscode-eps-conve
rted-to.pdf ./images/plscode.eps>
(epstopdf)             \includegraphics on input line 1198.
Package epstopdf Info: Output file is already uptodate.

<./images/plscode-eps-converted-to.pdf, id=118, 1106.1325pt x 291.0875pt>
File: ./images/plscode-eps-converted-to.pdf Graphic file (type pdf)

<use ./images/plscode-eps-converted-to.pdf>
Package pdftex.def Info: ./images/plscode-eps-converted-to.pdf used on input li
ne 1198.
(pdftex.def)             Requested size: 252.0pt x 66.31355pt.
 (./figs/short.tex
\gnumericColF=\skip74
\gnumericColG=\skip75
\gnumericColH=\skip76
\gnumericColI=\skip77
\gnumericColJ=\skip78
)
(./figs/Normal.tex) [10 <./images/MODCOD-eps-converted-to.pdf> <./images/plscod
e-eps-converted-to.pdf>]

LaTeX Warning: Citation `dvb' on page 11 undefined on input line 1298.

Package epstopdf Info: Source file: <./figs/pulseshaping.eps>
(epstopdf)                    date: 2019-10-06 07:28:58
(epstopdf)                    size: 58280 bytes
(epstopdf)             Output file: <./figs/pulseshaping-eps-converted-to.pdf>
(epstopdf)                    date: 2019-10-10 22:49:55
(epstopdf)                    size: 32143 bytes
(epstopdf)             Command: <repstopdf --outfile=./figs/pulseshaping-eps-co
nverted-to.pdf ./figs/pulseshaping.eps>
(epstopdf)             \includegraphics on input line 1319.
Package epstopdf Info: Output file is already uptodate.
<./figs/pulseshaping-eps-converted-to.pdf, id=128, 433.62pt x 289.08pt>
File: ./figs/pulseshaping-eps-converted-to.pdf Graphic file (type pdf)

<use ./figs/pulseshaping-eps-converted-to.pdf>
Package pdftex.def Info: ./figs/pulseshaping-eps-converted-to.pdf used on input
 line 1319.
(pdftex.def)             Requested size: 252.0pt x 168.00174pt.
Package epstopdf Info: Source file: <./figs/apsk32.eps>
(epstopdf)                    date: 2019-10-06 07:28:58
(epstopdf)                    size: 34122 bytes
(epstopdf)             Output file: <./figs/apsk32-eps-converted-to.pdf>
(epstopdf)                    date: 2019-10-06 07:28:58
(epstopdf)                    size: 10779 bytes
(epstopdf)             Command: <repstopdf --outfile=./figs/apsk32-eps-converte
d-to.pdf ./figs/apsk32.eps>
(epstopdf)             \includegraphics on input line 1352.
Package epstopdf Info: Output file is already uptodate.

<./figs/apsk32-eps-converted-to.pdf, id=129, 562.1pt x 421.575pt>
File: ./figs/apsk32-eps-converted-to.pdf Graphic file (type pdf)

<use ./figs/apsk32-eps-converted-to.pdf>
Package pdftex.def Info: ./figs/apsk32-eps-converted-to.pdf used on input line 
1352.
(pdftex.def)             Requested size: 252.0pt x 188.99939pt.
Package epstopdf Info: Source file: <./figs/apsk16.eps>
(epstopdf)                    date: 2019-10-06 07:28:58
(epstopdf)                    size: 35136 bytes
(epstopdf)             Output file: <./figs/apsk16-eps-converted-to.pdf>
(epstopdf)                    date: 2019-10-06 07:28:58
(epstopdf)                    size: 11021 bytes
(epstopdf)             Command: <repstopdf --outfile=./figs/apsk16-eps-converte
d-to.pdf ./figs/apsk16.eps>
(epstopdf)             \includegraphics on input line 1360.
Package epstopdf Info: Output file is already uptodate.

<./figs/apsk16-eps-converted-to.pdf, id=130, 562.1pt x 421.575pt>
File: ./figs/apsk16-eps-converted-to.pdf Graphic file (type pdf)

<use ./figs/apsk16-eps-converted-to.pdf>
Package pdftex.def Info: ./figs/apsk16-eps-converted-to.pdf used on input line 
1360.
(pdftex.def)             Requested size: 252.0pt x 188.99939pt.
Package epstopdf Info: Source file: <./figs/8PSK1.eps>
(epstopdf)                    date: 2019-10-06 07:28:58
(epstopdf)                    size: 51503 bytes
(epstopdf)             Output file: <./figs/8PSK1-eps-converted-to.pdf>
(epstopdf)                    date: 2019-10-06 07:28:58
(epstopdf)                    size: 13780 bytes
(epstopdf)             Command: <repstopdf --outfile=./figs/8PSK1-eps-converted
-to.pdf ./figs/8PSK1.eps>
(epstopdf)             \includegraphics on input line 1370.
Package epstopdf Info: Output file is already uptodate.

<./figs/8PSK1-eps-converted-to.pdf, id=131, 1028.84375pt x 489.83pt>
File: ./figs/8PSK1-eps-converted-to.pdf Graphic file (type pdf)

<use ./figs/8PSK1-eps-converted-to.pdf>
Package pdftex.def Info: ./figs/8PSK1-eps-converted-to.pdf used on input line 1
370.
(pdftex.def)             Requested size: 252.0pt x 119.97575pt.
Package epstopdf Info: Source file: <./figs/8PSK1.eps>
(epstopdf)                    date: 2019-10-06 07:28:58
(epstopdf)                    size: 51503 bytes
(epstopdf)             Output file: <./figs/8PSK1-eps-converted-to.pdf>
(epstopdf)                    date: 2019-10-06 07:28:58
(epstopdf)                    size: 13780 bytes
(epstopdf)             Command: <repstopdf --outfile=./figs/8PSK1-eps-converted
-to.pdf ./figs/8PSK1.eps>
(epstopdf)             \includegraphics on input line 1377.
Package epstopdf Info: Output file is already uptodate.
File: ./figs/8PSK1-eps-converted-to.pdf Graphic file (type pdf)

<use ./figs/8PSK1-eps-converted-to.pdf>
Package pdftex.def Info: ./figs/8PSK1-eps-converted-to.pdf used on input line 1
377.
(pdftex.def)             Requested size: 252.0pt x 119.97575pt.
Package epstopdf Info: Source file: <./figs/QPSK1.eps>
(epstopdf)                    date: 2019-10-06 07:28:58
(epstopdf)                    size: 50610 bytes
(epstopdf)             Output file: <./figs/QPSK1-eps-converted-to.pdf>
(epstopdf)                    date: 2019-10-06 07:28:58
(epstopdf)                    size: 14017 bytes
(epstopdf)             Command: <repstopdf --outfile=./figs/QPSK1-eps-converted
-to.pdf ./figs/QPSK1.eps>
(epstopdf)             \includegraphics on input line 1384.
Package epstopdf Info: Output file is already uptodate.

<./figs/QPSK1-eps-converted-to.pdf, id=132, 421.575pt x 316.18124pt>
File: ./figs/QPSK1-eps-converted-to.pdf Graphic file (type pdf)

<use ./figs/QPSK1-eps-converted-to.pdf>
Package pdftex.def Info: ./figs/QPSK1-eps-converted-to.pdf used on input line 1
384.
(pdftex.def)             Requested size: 252.0pt x 189.00099pt.
Package epstopdf Info: Source file: <./figs/Different_timeoffsets_snrvsber.eps>

(epstopdf)                    date: 2019-10-06 07:28:58
(epstopdf)                    size: 48286 bytes
(epstopdf)             Output file: <./figs/Different_timeoffsets_snrvsber-eps-
converted-to.pdf>
(epstopdf)                    date: 2019-10-06 07:28:58
(epstopdf)                    size: 23765 bytes
(epstopdf)             Command: <repstopdf --outfile=./figs/Different_timeoffse
ts_snrvsber-eps-converted-to.pdf ./figs/Different_timeoffsets_snrvsber.eps>
(epstopdf)             \includegraphics on input line 1391.
Package epstopdf Info: Output file is already uptodate.

<./figs/Different_timeoffsets_snrvsber-eps-converted-to.pdf, id=133, 433.62pt x
 289.08pt>
File: ./figs/Different_timeoffsets_snrvsber-eps-converted-to.pdf Graphic file (
type pdf)
 <use ./figs/Different_timeoffsets_snrvsber-eps-converted-to.pdf>
Package pdftex.def Info: ./figs/Different_timeoffsets_snrvsber-eps-converted-to
.pdf used on input line 1391.
(pdftex.def)             Requested size: 252.0pt x 168.00174pt.
Package epstopdf Info: Source file: <./figs/frequency_best.eps>
(epstopdf)                    date: 2019-10-06 07:28:58
(epstopdf)                    size: 35621 bytes
(epstopdf)             Output file: <./figs/frequency_best-eps-converted-to.pdf
>
(epstopdf)                    date: 2019-10-06 07:28:58
(epstopdf)                    size: 22477 bytes
(epstopdf)             Command: <repstopdf --outfile=./figs/frequency_best-eps-
converted-to.pdf ./figs/frequency_best.eps>
(epstopdf)             \includegraphics on input line 1419.
Package epstopdf Info: Output file is already uptodate.

<./figs/frequency_best-eps-converted-to.pdf, id=134, 433.62pt x 289.08pt>
File: ./figs/frequency_best-eps-converted-to.pdf Graphic file (type pdf)

<use ./figs/frequency_best-eps-converted-to.pdf>
Package pdftex.def Info: ./figs/frequency_best-eps-converted-to.pdf used on inp
ut line 1419.
(pdftex.def)             Requested size: 252.0pt x 168.00174pt.
Package epstopdf Info: Source file: <./figs/frequencyestiamtion_best_error_vs_s
nr.eps>
(epstopdf)                    date: 2019-10-06 07:28:58
(epstopdf)                    size: 44990 bytes
(epstopdf)             Output file: <./figs/frequencyestiamtion_best_error_vs_s
nr-eps-converted-to.pdf>
(epstopdf)                    date: 2019-10-06 07:28:58
(epstopdf)                    size: 30390 bytes
(epstopdf)             Command: <repstopdf --outfile=./figs/frequencyestiamtion
_best_error_vs_snr-eps-converted-to.pdf ./figs/frequencyestiamtion_best_error_v
s_snr.eps>
(epstopdf)             \includegraphics on input line 1427.
Package epstopdf Info: Output file is already uptodate.

<./figs/frequencyestiamtion_best_error_vs_snr-eps-converted-to.pdf, id=135, 433
.62pt x 289.08pt>
File: ./figs/frequencyestiamtion_best_error_vs_snr-eps-converted-to.pdf Graphic
 file (type pdf)

<use ./figs/frequencyestiamtion_best_error_vs_snr-eps-converted-to.pdf>
Package pdftex.def Info: ./figs/frequencyestiamtion_best_error_vs_snr-eps-conve
rted-to.pdf used on input line 1427.
(pdftex.def)             Requested size: 252.0pt x 168.00174pt.
Package epstopdf Info: Source file: <./figs/Phase_error_with_respect_to_pilots.
eps>
(epstopdf)                    date: 2019-10-06 07:28:58
(epstopdf)                    size: 33864 bytes
(epstopdf)             Output file: <./figs/Phase_error_with_respect_to_pilots-
eps-converted-to.pdf>
(epstopdf)                    date: 2019-10-06 07:28:58
(epstopdf)                    size: 21111 bytes
(epstopdf)             Command: <repstopdf --outfile=./figs/Phase_error_with_re
spect_to_pilots-eps-converted-to.pdf ./figs/Phase_error_with_respect_to_pilots.
eps>
(epstopdf)             \includegraphics on input line 1450.
Package epstopdf Info: Output file is already uptodate.

<./figs/Phase_error_with_respect_to_pilots-eps-converted-to.pdf, id=136, 433.62
pt x 289.08pt>
File: ./figs/Phase_error_with_respect_to_pilots-eps-converted-to.pdf Graphic fi
le (type pdf)

<use ./figs/Phase_error_with_respect_to_pilots-eps-converted-to.pdf>
Package pdftex.def Info: ./figs/Phase_error_with_respect_to_pilots-eps-converte
d-to.pdf used on input line 1450.
(pdftex.def)             Requested size: 252.0pt x 168.00174pt.
 [11 <./figs/pulseshaping-eps-converted-to.pdf> <./figs/apsk32-eps-converted-to
.pdf>]
Package epstopdf Info: Source file: <./figs/Phase_error_with_respect_to_SNR_fix
ed_pilot.eps>
(epstopdf)                    date: 2019-10-06 07:28:58
(epstopdf)                    size: 32916 bytes
(epstopdf)             Output file: <./figs/Phase_error_with_respect_to_SNR_fix
ed_pilot-eps-converted-to.pdf>
(epstopdf)                    date: 2019-10-06 07:28:58
(epstopdf)                    size: 21064 bytes
(epstopdf)             Command: <repstopdf --outfile=./figs/Phase_error_with_re
spect_to_SNR_fixed_pilot-eps-converted-to.pdf ./figs/Phase_error_with_respect_t
o_SNR_fixed_pilot.eps>
(epstopdf)             \includegraphics on input line 1466.
Package epstopdf Info: Output file is already uptodate.

<./figs/Phase_error_with_respect_to_SNR_fixed_pilot-eps-converted-to.pdf, id=19
5, 433.62pt x 289.08pt>
File: ./figs/Phase_error_with_respect_to_SNR_fixed_pilot-eps-converted-to.pdf G
raphic file (type pdf)

<use ./figs/Phase_error_with_respect_to_SNR_fixed_pilot-eps-converted-to.pdf>
Package pdftex.def Info: ./figs/Phase_error_with_respect_to_SNR_fixed_pilot-eps
-converted-to.pdf used on input line 1466.
(pdftex.def)             Requested size: 252.0pt x 168.00174pt.
Package epstopdf Info: Source file: <./figs/Convergence_of_Digital_AGC.eps>
(epstopdf)                    date: 2019-10-06 07:28:58
(epstopdf)                    size: 29723 bytes
(epstopdf)             Output file: <./figs/Convergence_of_Digital_AGC-eps-conv
erted-to.pdf>
(epstopdf)                    date: 2019-10-06 07:28:58
(epstopdf)                    size: 14910 bytes
(epstopdf)             Command: <repstopdf --outfile=./figs/Convergence_of_Digi
tal_AGC-eps-converted-to.pdf ./figs/Convergence_of_Digital_AGC.eps>
(epstopdf)             \includegraphics on input line 1489.
Package epstopdf Info: Output file is already uptodate.

<./figs/Convergence_of_Digital_AGC-eps-converted-to.pdf, id=196, 578.16pt x 433
.62pt>
File: ./figs/Convergence_of_Digital_AGC-eps-converted-to.pdf Graphic file (type
 pdf)
 <use ./figs/Convergence_of_Digital_AGC-eps-converted-to.pdf>
Package pdftex.def Info: ./figs/Convergence_of_Digital_AGC-eps-converted-to.pdf
 used on input line 1489.
(pdftex.def)             Requested size: 252.0pt x 189.00032pt.
Package epstopdf Info: Source file: <./figs/framesync.eps>
(epstopdf)                    date: 2019-10-06 07:28:58
(epstopdf)                    size: 37397 bytes
(epstopdf)             Output file: <./figs/framesync-eps-converted-to.pdf>
(epstopdf)                    date: 2019-10-06 07:28:58
(epstopdf)                    size: 11172 bytes
(epstopdf)             Command: <repstopdf --outfile=./figs/framesync-eps-conve
rted-to.pdf ./figs/framesync.eps>
(epstopdf)             \includegraphics on input line 1504.
Package epstopdf Info: Output file is already uptodate.

<./figs/framesync-eps-converted-to.pdf, id=197, 1028.84375pt x 489.83pt>
File: ./figs/framesync-eps-converted-to.pdf Graphic file (type pdf)

<use ./figs/framesync-eps-converted-to.pdf>
Package pdftex.def Info: ./figs/framesync-eps-converted-to.pdf used on input li
ne 1504.
(pdftex.def)             Requested size: 252.0pt x 119.97575pt.
 (./NCC_2020.bbl [12 <./figs/apsk16-eps-converted-to.pdf> <./figs/8PSK1-eps-con
verted-to.pdf> <./figs/QPSK1-eps-converted-to.pdf> <./figs/Different_timeoffset
s_snrvsber-eps-converted-to.pdf>]

LaTeX Warning: Text page 13 contains only floats.


Underfull \hbox (badness 10000) in paragraph at lines 31--33
[]\OT1/txr/m/n/9 R.Gallager, ``Low-density par-ity check codes,'' \OT1/txr/m/it
/9 IRE
 []

) [13 <./figs/frequency_best-eps-converted-to.pdf> <./figs/frequencyestiamtion_
best_error_vs_snr-eps-converted-to.pdf> <./figs/Phase_error_with_respect_to_pil
ots-eps-converted-to.pdf> <./figs/Phase_error_with_respect_to_SNR_fixed_pilot-e
ps-converted-to.pdf>] [14

 <./figs/Convergence_of_Digital_AGC-eps-converted-to.pdf> <./figs/framesync-eps
-converted-to.pdf>] (./NCC_2020.aux)

LaTeX Warning: There were undefined references.


LaTeX Warning: There were multiply-defined labels.

 ) 
Here is how much of TeX's memory you used:
 18441 strings out of 494910
 342204 string characters out of 6179836
 430727 words of memory out of 5000000
 21263 multiletter control sequences out of 15000+600000
 89085 words of font info for 205 fonts, out of 8000000 for 9000
 39 hyphenation exceptions out of 8191
 55i,19n,54p,417b,992s stack positions out of 5000i,500n,10000p,200000b,80000s
{/usr/share/texlive/texmf-dist/fonts/enc/dvips/base/8r.enc}</usr/share/texliv
e/texmf-dist/fonts/type1/public/txfonts/rtxb.pfb></usr/share/texlive/texmf-dist
/fonts/type1/public/txfonts/rtxi.pfb></usr/share/texlive/texmf-dist/fonts/type1
/public/txfonts/rtxmi.pfb></usr/share/texlive/texmf-dist/fonts/type1/public/txf
onts/rtxr.pfb></usr/share/texlive/texmf-dist/fonts/type1/public/txfonts/rtxsc.p
fb></usr/share/texlive/texmf-dist/fonts/type1/public/txfonts/txex.pfb></usr/sha
re/texlive/texmf-dist/fonts/type1/public/txfonts/txsy.pfb></usr/share/texlive/t
exmf-dist/fonts/type1/public/txfonts/txsya.pfb></usr/share/texlive/texmf-dist/f
onts/type1/public/txfonts/txsyc.pfb></usr/share/texlive/texmf-dist/fonts/type1/
urw/times/utmb8a.pfb></usr/share/texlive/texmf-dist/fonts/type1/urw/times/utmbi
8a.pfb></usr/share/texlive/texmf-dist/fonts/type1/urw/times/utmr8a.pfb></usr/sh
are/texlive/texmf-dist/fonts/type1/urw/times/utmri8a.pfb>
Output written on NCC_2020.pdf (14 pages, 659745 bytes).
PDF statistics:
 518 PDF objects out of 1000 (max. 8388607)
 194 compressed objects within 2 object streams
 0 named destinations out of 1000 (max. 500000)
 133 words of extra memory for PDF output out of 10000 (max. 10000000)

